<?xml version="1.0" encoding="UTF-8"?>
<!-- Generated by org.testng.reporters.JUnitXMLReporter -->
<testsuite hostname="Ty-Deepak-Tr" name="Test" tests="3" failures="0" timestamp="4 Jan 2021 06:46:32 GMT" time="3.731" errors="0">
  <testcase name="createProjectWithCreatedStatus" time="3.354" classname="com.rmgyantra.api.projects.AddSingleProjectWithOnGoing"/>
  <testcase name="createProjectWithCreatedStatus" time="0.238" classname="com.rmgyantra.api.projects.AddSingleProjectWithCompleted"/>
  <testcase name="createProjectWithCreatedStatus" time="0.115" classname="com.rmgyantra.api.projects.AddSingleProjectWithCreated"/>
</testsuite> <!-- Test -->
